<?xml version="1.0" encoding="UTF-8"?>
<!-- Generated by org.testng.reporters.JUnitXMLReporter -->
<testsuite ignored="0" hostname="LM0001023" failures="0" tests="2" name="TestForUi" time="11.997" errors="0" timestamp="23 Nov 2020 04:38:48 GMT">
  <testcase classname="com.home.ndtv.NDTVAutomation.LaunchBrowser" name="launchBrowser" time="6.185"/>
  <testcase classname="com.home.ndtv.NDTVAutomation.GetApiWeatherDetailsByApi" name="getWeatherDetailsByApi" time="1.259"/>
</testsuite> <!-- TestForUi -->
