<?xml version="1.0" encoding="UTF-8"?>
<testng-results ignored="0" total="3" passed="3" failed="0" skipped="0">
  <reporter-output>
  </reporter-output>
  <suite started-at="2020-11-23T05:06:58Z" name="Weather Deatils" finished-at="2020-11-23T05:07:18Z" duration-ms="20173">
    <groups>
    </groups>
    <test started-at="2020-11-23T05:06:58Z" name="GetWeatherDetailsFromUI" finished-at="2020-11-23T05:07:16Z" duration-ms="18615">
      <class name="com.home.ndtv.NDTVAutomation.GetWeatherDetailsFromUI">
        <test-method is-config="true" signature="preCondition()[pri:0, instance:com.home.ndtv.NDTVAutomation.GetWeatherDetailsFromUI@72d1ad2e]" started-at="2020-11-23T05:06:58Z" name="preCondition" finished-at="2020-11-23T05:07:03Z" duration-ms="5309" status="PASS">
          <reporter-output>
          </reporter-output>
        </test-method> <!-- preCondition -->
        <test-method signature="launchBrowser()[pri:0, instance:com.home.ndtv.NDTVAutomation.GetWeatherDetailsFromUI@72d1ad2e]" started-at="2020-11-23T05:07:03Z" name="launchBrowser" finished-at="2020-11-23T05:07:16Z" duration-ms="13238" status="PASS">
          <reporter-output>
          </reporter-output>
        </test-method> <!-- launchBrowser -->
        <test-method is-config="true" signature="quit()[pri:0, instance:com.home.ndtv.NDTVAutomation.GetWeatherDetailsFromUI@72d1ad2e]" started-at="2020-11-23T05:07:16Z" name="quit" finished-at="2020-11-23T05:07:16Z" duration-ms="56" status="PASS">
          <reporter-output>
          </reporter-output>
        </test-method> <!-- quit -->
      </class> <!-- com.home.ndtv.NDTVAutomation.GetWeatherDetailsFromUI -->
    </test> <!-- GetWeatherDetailsFromUI -->
    <test started-at="2020-11-23T05:07:16Z" name="GetWeatherDetailsFromApi" finished-at="2020-11-23T05:07:18Z" duration-ms="1480">
      <class name="com.home.ndtv.NDTVAutomation.GetApiWeatherDetailsByApi">
        <test-method signature="getWeatherDetailsByApi()[pri:0, instance:com.home.ndtv.NDTVAutomation.GetApiWeatherDetailsByApi@5b8dfcc1]" started-at="2020-11-23T05:07:16Z" name="getWeatherDetailsByApi" finished-at="2020-11-23T05:07:18Z" duration-ms="1480" status="PASS">
          <reporter-output>
          </reporter-output>
        </test-method> <!-- getWeatherDetailsByApi -->
      </class> <!-- com.home.ndtv.NDTVAutomation.GetApiWeatherDetailsByApi -->
    </test> <!-- GetWeatherDetailsFromApi -->
    <test started-at="2020-11-23T05:07:18Z" name="CompareWeatherDeatils" finished-at="2020-11-23T05:07:18Z" duration-ms="37">
      <class name="com.home.ndtv.NDTVAutomation.CompareTemperature">
        <test-method signature="compareWeatherData()[pri:0, instance:com.home.ndtv.NDTVAutomation.CompareTemperature@7d8995e]" started-at="2020-11-23T05:07:18Z" name="compareWeatherData" finished-at="2020-11-23T05:07:18Z" duration-ms="35" status="PASS">
          <reporter-output>
          </reporter-output>
        </test-method> <!-- compareWeatherData -->
      </class> <!-- com.home.ndtv.NDTVAutomation.CompareTemperature -->
    </test> <!-- CompareWeatherDeatils -->
  </suite> <!-- Weather Deatils -->
</testng-results>
