<?xml version="1.0" encoding="UTF-8"?>
<testng-results ignored="0" total="3" passed="3" failed="0" skipped="0">
  <reporter-output>
  </reporter-output>
  <suite started-at="2020-11-23T04:42:17Z" name="Weather Deatils" finished-at="2020-11-23T04:42:30Z" duration-ms="13061">
    <groups>
    </groups>
    <test started-at="2020-11-23T04:42:17Z" name="GetWeatherDetailsFromUI" finished-at="2020-11-23T04:42:29Z" duration-ms="11405">
      <class name="com.home.ndtv.NDTVAutomation.GetWeatherDetailsFromUI">
        <test-method is-config="true" signature="preCondition()[pri:0, instance:com.home.ndtv.NDTVAutomation.GetWeatherDetailsFromUI@762ef0ea]" started-at="2020-11-23T04:42:17Z" name="preCondition" finished-at="2020-11-23T04:42:22Z" duration-ms="5147" status="PASS">
          <reporter-output>
          </reporter-output>
        </test-method> <!-- preCondition -->
        <test-method signature="launchBrowser()[pri:0, instance:com.home.ndtv.NDTVAutomation.GetWeatherDetailsFromUI@762ef0ea]" started-at="2020-11-23T04:42:22Z" name="launchBrowser" finished-at="2020-11-23T04:42:29Z" duration-ms="6190" status="PASS">
          <reporter-output>
          </reporter-output>
        </test-method> <!-- launchBrowser -->
        <test-method is-config="true" signature="quit()[pri:0, instance:com.home.ndtv.NDTVAutomation.GetWeatherDetailsFromUI@762ef0ea]" started-at="2020-11-23T04:42:29Z" name="quit" finished-at="2020-11-23T04:42:29Z" duration-ms="55" status="PASS">
          <reporter-output>
          </reporter-output>
        </test-method> <!-- quit -->
      </class> <!-- com.home.ndtv.NDTVAutomation.GetWeatherDetailsFromUI -->
    </test> <!-- GetWeatherDetailsFromUI -->
    <test started-at="2020-11-23T04:42:29Z" name="GetWeatherDetailsFromApi" finished-at="2020-11-23T04:42:30Z" duration-ms="1606">
      <class name="com.home.ndtv.NDTVAutomation.GetApiWeatherDetailsByApi">
        <test-method signature="getWeatherDetailsByApi()[pri:0, instance:com.home.ndtv.NDTVAutomation.GetApiWeatherDetailsByApi@37f1104d]" started-at="2020-11-23T04:42:29Z" name="getWeatherDetailsByApi" finished-at="2020-11-23T04:42:30Z" duration-ms="1604" status="PASS">
          <reporter-output>
          </reporter-output>
        </test-method> <!-- getWeatherDetailsByApi -->
      </class> <!-- com.home.ndtv.NDTVAutomation.GetApiWeatherDetailsByApi -->
    </test> <!-- GetWeatherDetailsFromApi -->
    <test started-at="2020-11-23T04:42:30Z" name="CompareWeatherDeatils" finished-at="2020-11-23T04:42:30Z" duration-ms="4">
      <class name="com.home.ndtv.NDTVAutomation.CompareTemperature">
        <test-method signature="compareWeatherData()[pri:0, instance:com.home.ndtv.NDTVAutomation.CompareTemperature@2a266d09]" started-at="2020-11-23T04:42:30Z" name="compareWeatherData" finished-at="2020-11-23T04:42:30Z" duration-ms="2" status="PASS">
          <reporter-output>
          </reporter-output>
        </test-method> <!-- compareWeatherData -->
      </class> <!-- com.home.ndtv.NDTVAutomation.CompareTemperature -->
    </test> <!-- CompareWeatherDeatils -->
  </suite> <!-- Weather Deatils -->
</testng-results>
